

Date:2022-03-31 19:04:53,068
Thread:[1]
Level:ERROR
Logger:InsertBlazorCode.SyncfusionCodeGeneratorMenuCommand                         [(null)]
Message:System.ArgumentException: Value does not fall within the expected range.
   at EnvDTE80.DTE2.get_ActiveDocument()
   at InsertBlazorCode.SyncfusionCodeGeneratorMenuCommand.queryStatusMenuCommand_BeforeQueryStatus(Object sender, EventArgs e) in D:\Git\RP\vsext_insertblazorcode\SyncfusionBlazorcodegenerator\SyncfusionCodeGeneratorMenuCommand.cs:line 304


Date:2022-03-31 19:12:24,927
Thread:[1]
Level:ERROR
Logger:InsertBlazorCode.SyncfusionCodeGeneratorMenuCommand                         [(null)]
Message:System.NullReferenceException: Object reference not set to an instance of an object.
   at InsertBlazorCode.SyncfusionCodeGeneratorMenuCommand.queryStatusMenuCommand_BeforeQueryStatus(Object sender, EventArgs e) in D:\Git\RP\vsext_insertblazorcode\SyncfusionBlazorcodegenerator\SyncfusionCodeGeneratorMenuCommand.cs:line 304


Date:2022-03-31 19:12:24,935
Thread:[1]
Level:ERROR
Logger:InsertBlazorCode.SyncfusionCodeGeneratorMenuCommand                         [(null)]
Message:System.NullReferenceException: Object reference not set to an instance of an object.
   at InsertBlazorCode.SyncfusionCodeGeneratorMenuCommand.queryStatusMenuCommand_BeforeQueryStatus(Object sender, EventArgs e) in D:\Git\RP\vsext_insertblazorcode\SyncfusionBlazorcodegenerator\SyncfusionCodeGeneratorMenuCommand.cs:line 304


Date:2022-03-31 19:12:24,940
Thread:[1]
Level:ERROR
Logger:InsertBlazorCode.SyncfusionCodeGeneratorMenuCommand                         [(null)]
Message:System.NullReferenceException: Object reference not set to an instance of an object.
   at InsertBlazorCode.SyncfusionCodeGeneratorMenuCommand.queryStatusMenuCommand_BeforeQueryStatus(Object sender, EventArgs e) in D:\Git\RP\vsext_insertblazorcode\SyncfusionBlazorcodegenerator\SyncfusionCodeGeneratorMenuCommand.cs:line 304
